Using pre-set license
Built from '6000.0/staging' branch; Version is '6000.0.23f1 (1c4764c07fb4) revision 1853284'; Using compiler version '193933523'; Build Type 'Release'
OS: 'Windows 10  (10.0.19045) 64bit Professional' Language: 'en' Physical Memory: 16295 MB
BatchMode: 1, IsHumanControllingUs: 0, StartBugReporterOnCrash: 0, Is64bit: 1, IsPro: 1

COMMAND LINE ARGUMENTS:
C:\Program Files\Unity\Hub\Editor\6000.0.23f1\Editor\Unity.exe
-adb2
-batchMode
-noUpm
-name
AssetImportWorker2
-projectPath
D:/Proyectos/RPG Turn-Based Battler/RPG-Turn-Based-Battler
-logFile
Logs/AssetImportWorker2.log
-srvPort
14722
-job-worker-count
7
-background-job-worker-count
8
-asset-garbage-collectors
1
Successfully changed project path to: D:/Proyectos/RPG Turn-Based Battler/RPG-Turn-Based-Battler
D:/Proyectos/RPG Turn-Based Battler/RPG-Turn-Based-Battler
[UnityMemory] Configuration Parameters - Can be set up in boot.config
    "memorysetup-bucket-allocator-granularity=16"
    "memorysetup-bucket-allocator-bucket-count=8"
    "memorysetup-bucket-allocator-block-size=33554432"
    "memorysetup-bucket-allocator-block-count=8"
    "memorysetup-main-allocator-block-size=16777216"
    "memorysetup-thread-allocator-block-size=16777216"
    "memorysetup-gfx-main-allocator-block-size=16777216"
    "memorysetup-gfx-thread-allocator-block-size=16777216"
    "memorysetup-cache-allocator-block-size=4194304"
    "memorysetup-typetree-allocator-block-size=2097152"
    "memorysetup-profiler-bucket-allocator-granularity=16"
    "memorysetup-profiler-bucket-allocator-bucket-count=8"
    "memorysetup-profiler-bucket-allocator-block-size=33554432"
    "memorysetup-profiler-bucket-allocator-block-count=8"
    "memorysetup-profiler-allocator-block-size=16777216"
    "memorysetup-profiler-editor-allocator-block-size=1048576"
    "memorysetup-temp-allocator-size-main=16777216"
    "memorysetup-job-temp-allocator-block-size=2097152"
    "memorysetup-job-temp-allocator-block-size-background=1048576"
    "memorysetup-job-temp-allocator-reduction-small-platforms=262144"
    "memorysetup-allocator-temp-initial-block-size-main=262144"
    "memorysetup-allocator-temp-initial-block-size-worker=262144"
    "memorysetup-temp-allocator-size-background-worker=32768"
    "memorysetup-temp-allocator-size-job-worker=262144"
    "memorysetup-temp-allocator-size-preload-manager=33554432"
    "memorysetup-temp-allocator-size-nav-mesh-worker=65536"
    "memorysetup-temp-allocator-size-audio-worker=65536"
    "memorysetup-temp-allocator-size-cloud-worker=32768"
    "memorysetup-temp-allocator-size-gi-baking-worker=262144"
    "memorysetup-temp-allocator-size-gi-baking-worker=262144"
    "memorysetup-temp-allocator-size-gi-baking-worker=262144"
    "memorysetup-temp-allocator-size-gi-baking-worker=262144"
    "memorysetup-temp-allocator-size-gi-baking-worker=262144"
    "memorysetup-temp-allocator-size-gfx=262144"
Player connection [28972]  Target information:

Player connection [28972]  * "[IP] 192.168.1.4 [Port] 0 [Flags] 2 [Guid] 278291220 [EditorId] 278291220 [Version] 1048832 [Id] WindowsEditor(7,DESKTOP-6HK6DIC) [Debug] 1 [PackageName] WindowsEditor [ProjectName] Editor" 

Player connection [28972] Host joined multi-casting on [225.0.0.222:54997]...
Player connection [28972] Host joined alternative multi-casting on [225.0.0.222:34997]...
JobSystem: Creating JobQueue using job-worker-count value 7
[Physics::Module] Initialized fallback backend.
[Physics::Module] Id: 0xdecafbad
Library Redirect Path: Library/
[Physics::Module] Selected backend.
[Physics::Module] Name: PhysX
[Physics::Module] Id: 0xf2b8ea05
[Physics::Module] SDK Version: 4.1.2
[Physics::Module] Integration Version: 1.0.0
[Physics::Module] Threading Mode: Multi-Threaded
Refreshing native plugins compatible for Editor in 2.78 ms, found 4 plugins.
Preloading 0 native plugins for Editor in 0.00 ms.
Initialize engine version: 6000.0.23f1 (1c4764c07fb4)
[Subsystems] Discovering subsystems at path C:/Program Files/Unity/Hub/Editor/6000.0.23f1/Editor/Data/Resources/UnitySubsystems
[Subsystems] Discovering subsystems at path D:/Proyectos/RPG Turn-Based Battler/RPG-Turn-Based-Battler/Assets
GfxDevice: creating device client; kGfxThreadingModeNonThreaded
Direct3D:
    Version:  Direct3D 11.0 [level 11.1]
    Renderer: NVIDIA GeForce GTX 1660 Ti (ID=0x2182)
    Vendor:   NVIDIA
    VRAM:     5966 MB
    Driver:   32.0.15.6603
Initialize mono
Mono path[0] = 'C:/Program Files/Unity/Hub/Editor/6000.0.23f1/Editor/Data/Managed'
Mono path[1] = 'C:/Program Files/Unity/Hub/Editor/6000.0.23f1/Editor/Data/MonoBleedingEdge/lib/mono/unityjit-win32'
Mono config path = 'C:/Program Files/Unity/Hub/Editor/6000.0.23f1/Editor/Data/MonoBleedingEdge/etc'
Using monoOptions --debugger-agent=transport=dt_socket,embedding=1,server=y,suspend=n,address=127.0.0.1:56908
Begin MonoManager ReloadAssembly
Registering precompiled unity dll's ...
Register platform support module: C:/Program Files/Unity/Hub/Editor/6000.0.23f1/Editor/Data/PlaybackEngines/WindowsStandaloneSupport/UnityEditor.WindowsStandalone.Extensions.dll
Register platform support module: C:/Program Files/Unity/Hub/Editor/6000.0.23f1/Editor/Data/PlaybackEngines/MetroSupport/UnityEditor.UWP.Extensions.dll
Registered in 0.003960 seconds.
- Loaded All Assemblies, in  0.424 seconds
Native extension for UWP target not found
Native extension for WindowsStandalone target not found
Mono: successfully reloaded assembly
- Finished resetting the current domain, in  0.399 seconds
Domain Reload Profiling: 820ms
	BeginReloadAssembly (139ms)
		ExecutionOrderSort (0ms)
		DisableScriptedObjects (0ms)
		BackupInstance (0ms)
		ReleaseScriptingObjects (0ms)
		CreateAndSetChildDomain (1ms)
	RebuildCommonClasses (42ms)
	RebuildNativeTypeToScriptingClass (16ms)
	initialDomainReloadingComplete (51ms)
	LoadAllAssembliesAndSetupDomain (172ms)
		LoadAssemblies (134ms)
		RebuildTransferFunctionScriptingTraits (0ms)
		AnalyzeDomain (169ms)
			TypeCache.Refresh (167ms)
				TypeCache.ScanAssembly (153ms)
			BuildScriptInfoCaches (0ms)
			ResolveRequiredComponents (1ms)
	FinalizeReload (399ms)
		ReleaseScriptCaches (0ms)
		RebuildScriptCaches (0ms)
		SetupLoadedEditorAssemblies (343ms)
			LogAssemblyErrors (0ms)
			InitializePlatformSupportModulesInManaged (29ms)
			SetLoadedEditorAssemblies (5ms)
			BeforeProcessingInitializeOnLoad (7ms)
			ProcessInitializeOnLoadAttributes (227ms)
			ProcessInitializeOnLoadMethodAttributes (72ms)
			AfterProcessingInitializeOnLoad (4ms)
			EditorAssembliesLoaded (0ms)
		ExecutionOrderSort2 (0ms)
		AwakeInstancesAfterBackupRestoration (0ms)
========================================================================
Worker process is ready to serve import requests
Import Worker Mode flag is 0x00
Begin MonoManager ReloadAssembly
- Loaded All Assemblies, in  1.272 seconds
Refreshing native plugins compatible for Editor in 1.76 ms, found 4 plugins.
Native extension for UWP target not found
Native extension for WindowsStandalone target not found
The project currently uses the compatibility mode where the Render Graph API is disabled. Support for this mode will be removed in future Unity versions. Migrate existing ScriptableRenderPasses to the new RenderGraph API. After the migration, disable the compatibility mode in Edit > Projects Settings > Graphics > Render Graph.
UnityEngine.Debug:ExtractStackTraceNoAlloc (byte*,int,string)
UnityEngine.StackTraceUtility:ExtractStackTrace ()
UnityEngine.DebugLogHandler:Internal_Log (UnityEngine.LogType,UnityEngine.LogOption,string,UnityEngine.Object)
UnityEngine.DebugLogHandler:LogFormat (UnityEngine.LogType,UnityEngine.Object,string,object[])
UnityEngine.Logger:Log (UnityEngine.LogType,object)
UnityEngine.Debug:LogWarning (object)
UnityEngine.Rendering.Universal.WarnUsingNonRenderGraph:EmitConsoleWarning () (at ./Library/PackageCache/com.unity.render-pipelines.universal/Runtime/Data/UniversalRenderPipelineAsset.cs:427)
System.Reflection.RuntimeMethodInfo:Invoke (object,System.Reflection.BindingFlags,System.Reflection.Binder,object[],System.Globalization.CultureInfo)
System.Reflection.MethodBase:Invoke (object,object[])
UnityEditor.EditorAssemblies:ProcessInitializeOnLoadMethodAttributes ()

(Filename: ./Library/PackageCache/com.unity.render-pipelines.universal/Runtime/Data/UniversalRenderPipelineAsset.cs Line: 427)

Mono: successfully reloaded assembly
- Finished resetting the current domain, in  1.073 seconds
Domain Reload Profiling: 2341ms
	BeginReloadAssembly (449ms)
		ExecutionOrderSort (0ms)
		DisableScriptedObjects (6ms)
		BackupInstance (0ms)
		ReleaseScriptingObjects (0ms)
		CreateAndSetChildDomain (35ms)
	RebuildCommonClasses (36ms)
	RebuildNativeTypeToScriptingClass (16ms)
	initialDomainReloadingComplete (45ms)
	LoadAllAssembliesAndSetupDomain (723ms)
		LoadAssemblies (457ms)
		RebuildTransferFunctionScriptingTraits (0ms)
		AnalyzeDomain (388ms)
			TypeCache.Refresh (244ms)
				TypeCache.ScanAssembly (222ms)
			BuildScriptInfoCaches (127ms)
			ResolveRequiredComponents (13ms)
	FinalizeReload (1073ms)
		ReleaseScriptCaches (0ms)
		RebuildScriptCaches (0ms)
		SetupLoadedEditorAssemblies (803ms)
			LogAssemblyErrors (0ms)
			InitializePlatformSupportModulesInManaged (4ms)
			SetLoadedEditorAssemblies (5ms)
			BeforeProcessingInitializeOnLoad (86ms)
			ProcessInitializeOnLoadAttributes (567ms)
			ProcessInitializeOnLoadMethodAttributes (129ms)
			AfterProcessingInitializeOnLoad (11ms)
			EditorAssembliesLoaded (0ms)
		ExecutionOrderSort2 (0ms)
		AwakeInstancesAfterBackupRestoration (8ms)
Launched and connected shader compiler UnityShaderCompiler.exe after 0.01 seconds
Refreshing native plugins compatible for Editor in 1.56 ms, found 4 plugins.
Preloading 0 native plugins for Editor in 0.00 ms.
Unloading 259 Unused Serialized files (Serialized files now loaded: 0)
Unloading 6459 unused Assets / (6.4 MB). Loaded Objects now: 7267.
Memory consumption went from 222.5 MB to 216.1 MB.
Total: 14.827000 ms (FindLiveObjects: 0.847400 ms CreateObjectMapping: 1.428900 ms MarkObjects: 8.024700 ms  DeleteObjects: 4.524600 ms)

========================================================================
Received Import Request.
  Time since last request: 611091.559857 seconds.
  path: Assets/SwordSoundPack/SWORD_08.wav
  artifactKey: Guid(2b8c207613cd58b4889b0cc6bf739f2c) Importer(815301076,1909f56bfc062723c751e8b465ee728b)
Start importing Assets/SwordSoundPack/SWORD_08.wav using Guid(2b8c207613cd58b4889b0cc6bf739f2c) Importer(815301076,1909f56bfc062723c751e8b465ee728b) (PreviewImporter) -> (artifact id: 'b43cfdbfc596d8bc4f5c610a94781213') in 0.1086582 seconds
Number of updated asset objects reloaded before import = 0Number of asset objects unloaded after import = 2

========================================================================
Received Import Request.
  Time since last request: 0.000014 seconds.
  path: Assets/SwordSoundPack/SWORD_02.wav
  artifactKey: Guid(a7736c1763bd76c4eb0d52aaad581deb) Importer(815301076,1909f56bfc062723c751e8b465ee728b)
Start importing Assets/SwordSoundPack/SWORD_02.wav using Guid(a7736c1763bd76c4eb0d52aaad581deb) Importer(815301076,1909f56bfc062723c751e8b465ee728b) (PreviewImporter) -> (artifact id: '5673bf744dabe33c8b5f83901471ab4a') in 0.015856 seconds
Number of updated asset objects reloaded before import = 0Number of asset objects unloaded after import = 2

========================================================================
Received Import Request.
  Time since last request: 0.000016 seconds.
  path: Assets/SwordSoundPack/SWORD_26.wav
  artifactKey: Guid(c2dade153431323449798d5d5fd92ee4) Importer(815301076,1909f56bfc062723c751e8b465ee728b)
Start importing Assets/SwordSoundPack/SWORD_26.wav using Guid(c2dade153431323449798d5d5fd92ee4) Importer(815301076,1909f56bfc062723c751e8b465ee728b) (PreviewImporter) -> (artifact id: '6f10272dc68e86e30db67820c9461c58') in 0.0145799 seconds
Number of updated asset objects reloaded before import = 0Number of asset objects unloaded after import = 2

========================================================================
Received Import Request.
  Time since last request: 0.000020 seconds.
  path: Assets/SwordSoundPack/SWORD_23.wav
  artifactKey: Guid(06c01e93845ff044aa3af701271d630e) Importer(815301076,1909f56bfc062723c751e8b465ee728b)
Start importing Assets/SwordSoundPack/SWORD_23.wav using Guid(06c01e93845ff044aa3af701271d630e) Importer(815301076,1909f56bfc062723c751e8b465ee728b) (PreviewImporter) -> (artifact id: '49272df581f6eec3733ba25f30a6232c') in 0.0155525 seconds
Number of updated asset objects reloaded before import = 0Number of asset objects unloaded after import = 2

========================================================================
Received Import Request.
  Time since last request: 0.000014 seconds.
  path: Assets/SwordSoundPack/SWORD_13.wav
  artifactKey: Guid(80dbcb231e1605542bba4f6ba7269548) Importer(815301076,1909f56bfc062723c751e8b465ee728b)
Start importing Assets/SwordSoundPack/SWORD_13.wav using Guid(80dbcb231e1605542bba4f6ba7269548) Importer(815301076,1909f56bfc062723c751e8b465ee728b) (PreviewImporter) -> (artifact id: 'ec275166fadf12d6a74780093ed06adb') in 0.0135348 seconds
Number of updated asset objects reloaded before import = 0Number of asset objects unloaded after import = 2

========================================================================
Received Import Request.
  Time since last request: 0.000012 seconds.
  path: Assets/SwordSoundPack/SWORD_18.wav
  artifactKey: Guid(7d176df610ca34c4c878590f3dc014a1) Importer(815301076,1909f56bfc062723c751e8b465ee728b)
Start importing Assets/SwordSoundPack/SWORD_18.wav using Guid(7d176df610ca34c4c878590f3dc014a1) Importer(815301076,1909f56bfc062723c751e8b465ee728b) (PreviewImporter) -> (artifact id: '527220e2459010974f9fa4242b85dc69') in 0.0157695 seconds
Number of updated asset objects reloaded before import = 0Number of asset objects unloaded after import = 2

========================================================================
Received Import Request.
  Time since last request: 0.000014 seconds.
  path: Assets/SwordSoundPack/SWORD_22.wav
  artifactKey: Guid(c37e5156ffcc4b345ad763ce9d2c4824) Importer(815301076,1909f56bfc062723c751e8b465ee728b)
Start importing Assets/SwordSoundPack/SWORD_22.wav using Guid(c37e5156ffcc4b345ad763ce9d2c4824) Importer(815301076,1909f56bfc062723c751e8b465ee728b) (PreviewImporter) -> (artifact id: '02dcc1ba3edc3ec80fd67b92c7675cb9') in 0.0146871 seconds
Number of updated asset objects reloaded before import = 0Number of asset objects unloaded after import = 2

========================================================================
Received Import Request.
  Time since last request: 1.050907 seconds.
  path: Assets/SwordSoundPack
  artifactKey: Guid(c3f7b72d086cf8240b09a9a40af0a5bf) Importer(815301076,1909f56bfc062723c751e8b465ee728b)
Start importing Assets/SwordSoundPack using Guid(c3f7b72d086cf8240b09a9a40af0a5bf) Importer(815301076,1909f56bfc062723c751e8b465ee728b) (PreviewImporter) -> (artifact id: '34ed351ad8656494c0fe2f29ba28e930') in 0.0004194 seconds
Number of updated asset objects reloaded before import = 0Number of asset objects unloaded after import = 0

========================================================================
Received Import Request.
  Time since last request: 65.468809 seconds.
  path: Assets/DefaultVolumeProfile.asset
  artifactKey: Guid(01512543bfb1c4441a31050439ea1e79) Importer(815301076,1909f56bfc062723c751e8b465ee728b)
Start importing Assets/DefaultVolumeProfile.asset using Guid(01512543bfb1c4441a31050439ea1e79) Importer(815301076,1909f56bfc062723c751e8b465ee728b) (PreviewImporter) -> (artifact id: '3fdcb876121d8998dc020ec740f5ccef') in 0.0008864 seconds
Number of updated asset objects reloaded before import = 0Number of asset objects unloaded after import = 0

========================================================================
Received Import Request.
  Time since last request: 117.298885 seconds.
  path: Assets/Bow and Hammer Sound Effects/Bow
  artifactKey: Guid(5b209cc48da91f640aca63e8e008792e) Importer(815301076,1909f56bfc062723c751e8b465ee728b)
Start importing Assets/Bow and Hammer Sound Effects/Bow using Guid(5b209cc48da91f640aca63e8e008792e) Importer(815301076,1909f56bfc062723c751e8b465ee728b) (PreviewImporter) -> (artifact id: '60785ef7e635ed353af64698afa2c2b8') in 0.0004235 seconds
Number of updated asset objects reloaded before import = 0Number of asset objects unloaded after import = 0

========================================================================
Received Import Request.
  Time since last request: 0.037909 seconds.
  path: Assets/Bow and Hammer Sound Effects/Bow/Bow1.wav
  artifactKey: Guid(24252664d1f41c140864d611ea092c18) Importer(815301076,1909f56bfc062723c751e8b465ee728b)
Start importing Assets/Bow and Hammer Sound Effects/Bow/Bow1.wav using Guid(24252664d1f41c140864d611ea092c18) Importer(815301076,1909f56bfc062723c751e8b465ee728b) (PreviewImporter) -> (artifact id: 'ee21000a5773df94eb3ca4288b92d7e0') in 0.0148368 seconds
Number of updated asset objects reloaded before import = 0Number of asset objects unloaded after import = 2

========================================================================
Received Import Request.
  Time since last request: 0.000018 seconds.
  path: Assets/Bow and Hammer Sound Effects/Bow/Bow9.wav
  artifactKey: Guid(d08c773f94f3afc4695531d74f341087) Importer(815301076,1909f56bfc062723c751e8b465ee728b)
Start importing Assets/Bow and Hammer Sound Effects/Bow/Bow9.wav using Guid(d08c773f94f3afc4695531d74f341087) Importer(815301076,1909f56bfc062723c751e8b465ee728b) (PreviewImporter) -> (artifact id: '28f4249ec4fd5cf4bd55eafd879dab0c') in 0.0166166 seconds
Number of updated asset objects reloaded before import = 0Number of asset objects unloaded after import = 2

========================================================================
Received Import Request.
  Time since last request: 0.000015 seconds.
  path: Assets/Bow and Hammer Sound Effects/Bow/Bow12.wav
  artifactKey: Guid(145c12bc6f9bf9f4ab06c30f964092da) Importer(815301076,1909f56bfc062723c751e8b465ee728b)
Start importing Assets/Bow and Hammer Sound Effects/Bow/Bow12.wav using Guid(145c12bc6f9bf9f4ab06c30f964092da) Importer(815301076,1909f56bfc062723c751e8b465ee728b) (PreviewImporter) -> (artifact id: '2039a7424ad2f1a4c9e03e057e65259d') in 0.0149697 seconds
Number of updated asset objects reloaded before import = 0Number of asset objects unloaded after import = 2

========================================================================
Received Import Request.
  Time since last request: 0.000017 seconds.
  path: Assets/Bow and Hammer Sound Effects/Bow/BowWater4.wav
  artifactKey: Guid(cf0ec74e225a45a4bb440dc1ec9388b9) Importer(815301076,1909f56bfc062723c751e8b465ee728b)
Start importing Assets/Bow and Hammer Sound Effects/Bow/BowWater4.wav using Guid(cf0ec74e225a45a4bb440dc1ec9388b9) Importer(815301076,1909f56bfc062723c751e8b465ee728b) (PreviewImporter) -> (artifact id: '6a5c6e55b4874bdd0efda96eff1cae91') in 0.015164 seconds
Number of updated asset objects reloaded before import = 0Number of asset objects unloaded after import = 2

========================================================================
Received Import Request.
  Time since last request: 0.000024 seconds.
  path: Assets/Bow and Hammer Sound Effects/Bow/BowStringPull8.wav
  artifactKey: Guid(f0b12966d2945914886ec59864fca561) Importer(815301076,1909f56bfc062723c751e8b465ee728b)
Start importing Assets/Bow and Hammer Sound Effects/Bow/BowStringPull8.wav using Guid(f0b12966d2945914886ec59864fca561) Importer(815301076,1909f56bfc062723c751e8b465ee728b) (PreviewImporter) -> (artifact id: 'e2677d40565affa80a08de47bbf33a6b') in 0.0164938 seconds
Number of updated asset objects reloaded before import = 0Number of asset objects unloaded after import = 2

========================================================================
Received Import Request.
  Time since last request: 0.000031 seconds.
  path: Assets/Bow and Hammer Sound Effects/Bow/BowWater2.wav
  artifactKey: Guid(2fe440d2ae3a07041aed13ecfb7986df) Importer(815301076,1909f56bfc062723c751e8b465ee728b)
Start importing Assets/Bow and Hammer Sound Effects/Bow/BowWater2.wav using Guid(2fe440d2ae3a07041aed13ecfb7986df) Importer(815301076,1909f56bfc062723c751e8b465ee728b) (PreviewImporter) -> (artifact id: '9f8e003824dc03e4a166fa81fed15573') in 0.0553171 seconds
Number of updated asset objects reloaded before import = 0Number of asset objects unloaded after import = 2

========================================================================
Received Import Request.
  Time since last request: 0.000015 seconds.
  path: Assets/Bow and Hammer Sound Effects/Bow/BowFlesh5.wav
  artifactKey: Guid(dfad3e99ec3bd854db41d7ed5e8d7fb0) Importer(815301076,1909f56bfc062723c751e8b465ee728b)
Start importing Assets/Bow and Hammer Sound Effects/Bow/BowFlesh5.wav using Guid(dfad3e99ec3bd854db41d7ed5e8d7fb0) Importer(815301076,1909f56bfc062723c751e8b465ee728b) (PreviewImporter) -> (artifact id: '668affd6e238c0454b209a7b722856a4') in 0.0146158 seconds
Number of updated asset objects reloaded before import = 0Number of asset objects unloaded after import = 2

========================================================================
Received Import Request.
  Time since last request: 0.000015 seconds.
  path: Assets/Bow and Hammer Sound Effects/Bow/Bow7.wav
  artifactKey: Guid(0110fb898f1725d4f912d700578a874f) Importer(815301076,1909f56bfc062723c751e8b465ee728b)
Start importing Assets/Bow and Hammer Sound Effects/Bow/Bow7.wav using Guid(0110fb898f1725d4f912d700578a874f) Importer(815301076,1909f56bfc062723c751e8b465ee728b) (PreviewImporter) -> (artifact id: '17aed68aa9782f12392103c3c13a395d') in 0.0128294 seconds
Number of updated asset objects reloaded before import = 0Number of asset objects unloaded after import = 2

========================================================================
Received Import Request.
  Time since last request: 0.000014 seconds.
  path: Assets/Bow and Hammer Sound Effects/Bow/Bow4.wav
  artifactKey: Guid(f9cfc0e6ef7909a4fa3f8663ac5f3034) Importer(815301076,1909f56bfc062723c751e8b465ee728b)
Start importing Assets/Bow and Hammer Sound Effects/Bow/Bow4.wav using Guid(f9cfc0e6ef7909a4fa3f8663ac5f3034) Importer(815301076,1909f56bfc062723c751e8b465ee728b) (PreviewImporter) -> (artifact id: '7f7ada02307181ed23f1bbfb12794062') in 0.0128091 seconds
Number of updated asset objects reloaded before import = 0Number of asset objects unloaded after import = 2

========================================================================
Received Import Request.
  Time since last request: 0.000016 seconds.
  path: Assets/Bow and Hammer Sound Effects/Bow/BowFire2.wav
  artifactKey: Guid(07cc499b4e48b544aadf3af4b86365bd) Importer(815301076,1909f56bfc062723c751e8b465ee728b)
Start importing Assets/Bow and Hammer Sound Effects/Bow/BowFire2.wav using Guid(07cc499b4e48b544aadf3af4b86365bd) Importer(815301076,1909f56bfc062723c751e8b465ee728b) (PreviewImporter) -> (artifact id: '6df62443a49065ca2130c48ce501b571') in 0.0152098 seconds
Number of updated asset objects reloaded before import = 0Number of asset objects unloaded after import = 2

========================================================================
Received Import Request.
  Time since last request: 0.000022 seconds.
  path: Assets/Bow and Hammer Sound Effects/Bow/BowStringPull9.wav
  artifactKey: Guid(28ecac922c44d264383925bb733197ce) Importer(815301076,1909f56bfc062723c751e8b465ee728b)
Start importing Assets/Bow and Hammer Sound Effects/Bow/BowStringPull9.wav using Guid(28ecac922c44d264383925bb733197ce) Importer(815301076,1909f56bfc062723c751e8b465ee728b) (PreviewImporter) -> (artifact id: '8ea4ffb1047373e453ef74977ceb78d8') in 0.0151878 seconds
Number of updated asset objects reloaded before import = 0Number of asset objects unloaded after import = 2

========================================================================
Received Import Request.
  Time since last request: 0.000014 seconds.
  path: Assets/Bow and Hammer Sound Effects/Bow/BowStringPull10.wav
  artifactKey: Guid(153cc42fbabf480428286131bfba51b2) Importer(815301076,1909f56bfc062723c751e8b465ee728b)
Start importing Assets/Bow and Hammer Sound Effects/Bow/BowStringPull10.wav using Guid(153cc42fbabf480428286131bfba51b2) Importer(815301076,1909f56bfc062723c751e8b465ee728b) (PreviewImporter) -> (artifact id: 'bb2f23670e39297b64740586abdee775') in 0.0136737 seconds
Number of updated asset objects reloaded before import = 0Number of asset objects unloaded after import = 2

========================================================================
Received Import Request.
  Time since last request: 0.000017 seconds.
  path: Assets/Bow and Hammer Sound Effects/Bow/BowFire3.wav
  artifactKey: Guid(bbf962a63a63c7b46a8e1d13be6b9177) Importer(815301076,1909f56bfc062723c751e8b465ee728b)
Start importing Assets/Bow and Hammer Sound Effects/Bow/BowFire3.wav using Guid(bbf962a63a63c7b46a8e1d13be6b9177) Importer(815301076,1909f56bfc062723c751e8b465ee728b) (PreviewImporter) -> (artifact id: 'cbbaad40cebff3293f6d2d3a03a7e85b') in 0.0163932 seconds
Number of updated asset objects reloaded before import = 0Number of asset objects unloaded after import = 2

========================================================================
Received Import Request.
  Time since last request: 0.000013 seconds.
  path: Assets/Bow and Hammer Sound Effects/Bow/Bow15.wav
  artifactKey: Guid(02d534e1e22780a418556be9bfdbeb1c) Importer(815301076,1909f56bfc062723c751e8b465ee728b)
Start importing Assets/Bow and Hammer Sound Effects/Bow/Bow15.wav using Guid(02d534e1e22780a418556be9bfdbeb1c) Importer(815301076,1909f56bfc062723c751e8b465ee728b) (PreviewImporter) -> (artifact id: '547012583bb147b36a5aa25067137388') in 0.0125144 seconds
Number of updated asset objects reloaded before import = 0Number of asset objects unloaded after import = 2

========================================================================
Received Import Request.
  Time since last request: 0.000013 seconds.
  path: Assets/Bow and Hammer Sound Effects/Bow/Bow14.wav
  artifactKey: Guid(d19fbf2ffc3058c47b2470da79cc5431) Importer(815301076,1909f56bfc062723c751e8b465ee728b)
Start importing Assets/Bow and Hammer Sound Effects/Bow/Bow14.wav using Guid(d19fbf2ffc3058c47b2470da79cc5431) Importer(815301076,1909f56bfc062723c751e8b465ee728b) (PreviewImporter) -> (artifact id: 'bd4fa6a45efd36ba975a349017072a8f') in 0.0138254 seconds
Number of updated asset objects reloaded before import = 0Number of asset objects unloaded after import = 2

========================================================================
Received Import Request.
  Time since last request: 0.000012 seconds.
  path: Assets/Bow and Hammer Sound Effects/Bow/BowFlesh2.wav
  artifactKey: Guid(7282ca5a2495791438d14a92c68afd17) Importer(815301076,1909f56bfc062723c751e8b465ee728b)
Start importing Assets/Bow and Hammer Sound Effects/Bow/BowFlesh2.wav using Guid(7282ca5a2495791438d14a92c68afd17) Importer(815301076,1909f56bfc062723c751e8b465ee728b) (PreviewImporter) -> (artifact id: 'a07ecad08960535aa080128dda011237') in 0.013224 seconds
Number of updated asset objects reloaded before import = 0Number of asset objects unloaded after import = 2

========================================================================
Received Import Request.
  Time since last request: 0.000017 seconds.
  path: Assets/Bow and Hammer Sound Effects/Bow/BowIce3.wav
  artifactKey: Guid(5e0be140f13f0c341bb91abddd2e76bf) Importer(815301076,1909f56bfc062723c751e8b465ee728b)
Start importing Assets/Bow and Hammer Sound Effects/Bow/BowIce3.wav using Guid(5e0be140f13f0c341bb91abddd2e76bf) Importer(815301076,1909f56bfc062723c751e8b465ee728b) (PreviewImporter) -> (artifact id: 'ee85c813e9698de4728a482213cfef05') in 0.0154827 seconds
Number of updated asset objects reloaded before import = 0Number of asset objects unloaded after import = 2

========================================================================
Received Import Request.
  Time since last request: 0.000026 seconds.
  path: Assets/Bow and Hammer Sound Effects/Bow/BowFlesh3.wav
  artifactKey: Guid(9496feb530c6bc647a5d5a9208e8eaa3) Importer(815301076,1909f56bfc062723c751e8b465ee728b)
Start importing Assets/Bow and Hammer Sound Effects/Bow/BowFlesh3.wav using Guid(9496feb530c6bc647a5d5a9208e8eaa3) Importer(815301076,1909f56bfc062723c751e8b465ee728b) (PreviewImporter) -> (artifact id: '7cb1f7cf62a42a2bae7d8215e3655010') in 0.0163842 seconds
Number of updated asset objects reloaded before import = 0Number of asset objects unloaded after import = 2

========================================================================
Received Import Request.
  Time since last request: 0.000013 seconds.
  path: Assets/Bow and Hammer Sound Effects/Bow/BowIce4.wav
  artifactKey: Guid(589b20060dc19154ab2d746246fe6b7c) Importer(815301076,1909f56bfc062723c751e8b465ee728b)
Start importing Assets/Bow and Hammer Sound Effects/Bow/BowIce4.wav using Guid(589b20060dc19154ab2d746246fe6b7c) Importer(815301076,1909f56bfc062723c751e8b465ee728b) (PreviewImporter) -> (artifact id: '81b6aa2c3cd9dfe4643988a4941e69e5') in 0.0151714 seconds
Number of updated asset objects reloaded before import = 0Number of asset objects unloaded after import = 2

========================================================================
Received Import Request.
  Time since last request: 0.000013 seconds.
  path: Assets/Bow and Hammer Sound Effects/Bow/BowStringPull2.wav
  artifactKey: Guid(470d35b1638f4234e895ca3e65fb00dc) Importer(815301076,1909f56bfc062723c751e8b465ee728b)
Start importing Assets/Bow and Hammer Sound Effects/Bow/BowStringPull2.wav using Guid(470d35b1638f4234e895ca3e65fb00dc) Importer(815301076,1909f56bfc062723c751e8b465ee728b) (PreviewImporter) -> (artifact id: '980ce24bfcb75549cf64792db071da7e') in 0.0144324 seconds
Number of updated asset objects reloaded before import = 0Number of asset objects unloaded after import = 2

========================================================================
Received Import Request.
  Time since last request: 0.000016 seconds.
  path: Assets/Bow and Hammer Sound Effects/Bow/Bow8.wav
  artifactKey: Guid(0d0b319c3ae49a843893aba4950ff680) Importer(815301076,1909f56bfc062723c751e8b465ee728b)
Start importing Assets/Bow and Hammer Sound Effects/Bow/Bow8.wav using Guid(0d0b319c3ae49a843893aba4950ff680) Importer(815301076,1909f56bfc062723c751e8b465ee728b) (PreviewImporter) -> (artifact id: 'f84ebab96e5a1b579a36b30d4cf2e11d') in 0.01506 seconds
Number of updated asset objects reloaded before import = 0Number of asset objects unloaded after import = 2

========================================================================
Received Import Request.
  Time since last request: 0.000024 seconds.
  path: Assets/Bow and Hammer Sound Effects/Bow/BowStringPull6.wav
  artifactKey: Guid(7a2bdfb02d40f88498572ce438a724f7) Importer(815301076,1909f56bfc062723c751e8b465ee728b)
Start importing Assets/Bow and Hammer Sound Effects/Bow/BowStringPull6.wav using Guid(7a2bdfb02d40f88498572ce438a724f7) Importer(815301076,1909f56bfc062723c751e8b465ee728b) (PreviewImporter) -> (artifact id: 'abfa8f96c2dd8ff748ad935ff46a7f52') in 0.014821 seconds
Number of updated asset objects reloaded before import = 0Number of asset objects unloaded after import = 2

========================================================================
Received Import Request.
  Time since last request: 0.000021 seconds.
  path: Assets/Bow and Hammer Sound Effects/Bow/BowWater3.wav
  artifactKey: Guid(77e16104b41b88d4598eb278a1d8b756) Importer(815301076,1909f56bfc062723c751e8b465ee728b)
Start importing Assets/Bow and Hammer Sound Effects/Bow/BowWater3.wav using Guid(77e16104b41b88d4598eb278a1d8b756) Importer(815301076,1909f56bfc062723c751e8b465ee728b) (PreviewImporter) -> (artifact id: '2408559d9816c4398a5b7d3af98c8097') in 0.0155266 seconds
Number of updated asset objects reloaded before import = 0Number of asset objects unloaded after import = 2

Editor requested this worker to shutdown with reason: Scaling down because of idle timeout
AssetImportWorker is now disconnected from the server
Process exiting
Exiting without the bug reporter. Application will terminate with return code 0